Сборка начата 20.04.2014 23:45:02.
     1>Проект "C:\Users\Даниил\Documents\Visual Studio 2013\Projects\ChannelWithLiquidObjectTechProcHandler\CWLOTPH.ProcessingCore\CWLOTPH.ProcessingCore.vcxproj" в узле 2 (целевые объекты Build).
     1>ClCompile:
         C:\Program Files (x86)\Microsoft Visual Studio 12.0\VC\bin\CL.exe /c /I"C:\Users\Даниил\Documents\Visual Studio 2013\Projects\ChannelWithLiquidObjectTechProcHandler\jsoncpp-src-0.6.0-rc2\include" /ZI /nologo /W3 /WX- /sdl /Od /Oy- /D WIN32 /D _DEBUG /D _CONSOLE /D _LIB /D _MBCS /Gm /EHsc /RTC1 /MDd /GS /fp:precise /Zc:wchar_t /Zc:forScope /Yu"stdafx.h" /Fp"Debug\CWLOTPH.ProcessingCore.pch" /Fo"Debug\\" /Fd"Debug\vc120.pdb" /Gd /TP /analyze- /errorReport:prompt Main.cpp ProcessingCore.cpp
         ProcessingCore.cpp
         Main.cpp
         Создание кода...
       Link:
         C:\Program Files (x86)\Microsoft Visual Studio 12.0\VC\bin\link.exe /ERRORREPORT:PROMPT /OUT:"C:\Users\Даниил\Documents\Visual Studio 2013\Projects\ChannelWithLiquidObjectTechProcHandler\Debug\CWLOTPH.ProcessingCore.exe" /INCREMENTAL /NOLOGO /LIBPATH:"C:\Users\Даниил\Documents\Visual Studio 2013\Projects\ChannelWithLiquidObjectTechProcHandler\jsoncpp-src-0.6.0-rc2\include" kernel32.lib user32.lib gdi32.lib winspool.lib comdlg32.lib advapi32.lib shell32.lib ole32.lib oleaut32.lib uuid.lib odbc32.lib odbccp32.lib /MANIFEST /MANIFESTUAC:"level='asInvoker' uiAccess='false'" /manifest:embed /DEBUG /PDB:"C:\Users\Даниил\Documents\Visual Studio 2013\Projects\ChannelWithLiquidObjectTechProcHandler\Debug\CWLOTPH.ProcessingCore.pdb" /SUBSYSTEM:CONSOLE /TLBID:1 /DYNAMICBASE /NXCOMPAT /IMPLIB:"C:\Users\Даниил\Documents\Visual Studio 2013\Projects\ChannelWithLiquidObjectTechProcHandler\Debug\CWLOTPH.ProcessingCore.lib" /MACHINE:X86 Debug\InputDataObject.obj
         Debug\Main.obj
         Debug\OutputDataObject.obj
         Debug\ProcessingCore.obj
         Debug\stdafx.obj
     1>ProcessingCore.obj : error LNK2019: ссылка на неразрешенный внешний символ "public: __thiscall Json::Value::Value(enum Json::ValueType)" (??0Value@Json@@QAE@W4ValueType@1@@Z) в функции "public: class InputDataObject * __thiscall ProcessingCore::parseJSONString(class std::basic_string<char,struct std::char_traits<char>,class std::allocator<char> >)" (?parseJSONString@ProcessingCore@@QAEPAVInputDataObject@@V?$basic_string@DU?$char_traits@D@std@@V?$allocator@D@2@@std@@@Z)
     1>ProcessingCore.obj : error LNK2019: ссылка на неразрешенный внешний символ "public: __thiscall Json::Value::Value(char const *)" (??0Value@Json@@QAE@PBD@Z) в функции "public: class InputDataObject * __thiscall ProcessingCore::parseJSONString(class std::basic_string<char,struct std::char_traits<char>,class std::allocator<char> >)" (?parseJSONString@ProcessingCore@@QAEPAVInputDataObject@@V?$basic_string@DU?$char_traits@D@std@@V?$allocator@D@2@@std@@@Z)
     1>ProcessingCore.obj : error LNK2019: ссылка на неразрешенный внешний символ "public: __thiscall Json::Value::~Value(void)" (??1Value@Json@@QAE@XZ) в функции "public: class InputDataObject * __thiscall ProcessingCore::parseJSONString(class std::basic_string<char,struct std::char_traits<char>,class std::allocator<char> >)" (?parseJSONString@ProcessingCore@@QAEPAVInputDataObject@@V?$basic_string@DU?$char_traits@D@std@@V?$allocator@D@2@@std@@@Z)
     1>ProcessingCore.obj : error LNK2019: ссылка на неразрешенный внешний символ "public: double __thiscall Json::Value::asDouble(void)const " (?asDouble@Value@Json@@QBENXZ) в функции "public: class InputDataObject * __thiscall ProcessingCore::parseJSONString(class std::basic_string<char,struct std::char_traits<char>,class std::allocator<char> >)" (?parseJSONString@ProcessingCore@@QAEPAVInputDataObject@@V?$basic_string@DU?$char_traits@D@std@@V?$allocator@D@2@@std@@@Z)
     1>ProcessingCore.obj : error LNK2019: ссылка на неразрешенный внешний символ "public: class Json::Value & __thiscall Json::Value::operator[](char const *)" (??AValue@Json@@QAEAAV01@PBD@Z) в функции "public: class InputDataObject * __thiscall ProcessingCore::parseJSONString(class std::basic_string<char,struct std::char_traits<char>,class std::allocator<char> >)" (?parseJSONString@ProcessingCore@@QAEPAVInputDataObject@@V?$basic_string@DU?$char_traits@D@std@@V?$allocator@D@2@@std@@@Z)
     1>ProcessingCore.obj : error LNK2019: ссылка на неразрешенный внешний символ "public: class Json::Value __thiscall Json::Value::get(char const *,class Json::Value const &)const " (?get@Value@Json@@QBE?AV12@PBDABV12@@Z) в функции "public: class InputDataObject * __thiscall ProcessingCore::parseJSONString(class std::basic_string<char,struct std::char_traits<char>,class std::allocator<char> >)" (?parseJSONString@ProcessingCore@@QAEPAVInputDataObject@@V?$basic_string@DU?$char_traits@D@std@@V?$allocator@D@2@@std@@@Z)
     1>ProcessingCore.obj : error LNK2019: ссылка на неразрешенный внешний символ "public: __thiscall Json::Reader::Reader(void)" (??0Reader@Json@@QAE@XZ) в функции "public: class InputDataObject * __thiscall ProcessingCore::parseJSONString(class std::basic_string<char,struct std::char_traits<char>,class std::allocator<char> >)" (?parseJSONString@ProcessingCore@@QAEPAVInputDataObject@@V?$basic_string@DU?$char_traits@D@std@@V?$allocator@D@2@@std@@@Z)
     1>ProcessingCore.obj : error LNK2019: ссылка на неразрешенный внешний символ "public: bool __thiscall Json::Reader::parse(class std::basic_string<char,struct std::char_traits<char>,class std::allocator<char> > const &,class Json::Value &,bool)" (?parse@Reader@Json@@QAE_NABV?$basic_string@DU?$char_traits@D@std@@V?$allocator@D@2@@std@@AAVValue@2@_N@Z) в функции "public: class InputDataObject * __thiscall ProcessingCore::parseJSONString(class std::basic_string<char,struct std::char_traits<char>,class std::allocator<char> >)" (?parseJSONString@ProcessingCore@@QAEPAVInputDataObject@@V?$basic_string@DU?$char_traits@D@std@@V?$allocator@D@2@@std@@@Z)
     1>C:\Users\Даниил\Documents\Visual Studio 2013\Projects\ChannelWithLiquidObjectTechProcHandler\Debug\CWLOTPH.ProcessingCore.exe : fatal error LNK1120: неразрешенных внешних элементов: 8
     1>Сборка проекта "C:\Users\Даниил\Documents\Visual Studio 2013\Projects\ChannelWithLiquidObjectTechProcHandler\CWLOTPH.ProcessingCore\CWLOTPH.ProcessingCore.vcxproj" завершена (целевые объекты Build) с ошибкой.

Ошибка сборки.

Затраченное время: 00:00:21.03
