c:\users\даниил\documents\visual studio 2013\projects\channelwithliquidobjecttechprochandler\cwlotph.visuality.logon\bin\debug\cwlotph.processingcore.bsc
c:\users\даниил\documents\visual studio 2013\projects\channelwithliquidobjecttechprochandler\jsoncpp-src-0.6.0-rc2\makefiles\vs71\vc120.pdb
c:\users\даниил\documents\visual studio 2013\projects\channelwithliquidobjecttechprochandler\jsoncpp-src-0.6.0-rc2\makefiles\vs71\vc120.idb
c:\users\даниил\documents\visual studio 2013\projects\channelwithliquidobjecttechprochandler\jsoncpp-src-0.6.0-rc2\makefiles\vs71\stdafx.sbr
c:\users\даниил\documents\visual studio 2013\projects\channelwithliquidobjecttechprochandler\jsoncpp-src-0.6.0-rc2\makefiles\vs71\processingcore.sbr
c:\users\даниил\documents\visual studio 2013\projects\channelwithliquidobjecttechprochandler\jsoncpp-src-0.6.0-rc2\makefiles\vs71\outputdataobject.sbr
c:\users\даниил\documents\visual studio 2013\projects\channelwithliquidobjecttechprochandler\jsoncpp-src-0.6.0-rc2\makefiles\vs71\main.sbr
c:\users\даниил\documents\visual studio 2013\projects\channelwithliquidobjecttechprochandler\jsoncpp-src-0.6.0-rc2\makefiles\vs71\inputdataobject.sbr
c:\users\даниил\documents\visual studio 2013\projects\channelwithliquidobjecttechprochandler\jsoncpp-src-0.6.0-rc2\makefiles\vs71\inputdataobject.obj
c:\users\даниил\documents\visual studio 2013\projects\channelwithliquidobjecttechprochandler\jsoncpp-src-0.6.0-rc2\makefiles\vs71\main.obj
c:\users\даниил\documents\visual studio 2013\projects\channelwithliquidobjecttechprochandler\jsoncpp-src-0.6.0-rc2\makefiles\vs71\outputdataobject.obj
c:\users\даниил\documents\visual studio 2013\projects\channelwithliquidobjecttechprochandler\jsoncpp-src-0.6.0-rc2\makefiles\vs71\processingcore.obj
c:\users\даниил\documents\visual studio 2013\projects\channelwithliquidobjecttechprochandler\jsoncpp-src-0.6.0-rc2\makefiles\vs71\stdafx.obj
c:\users\даниил\documents\visual studio 2013\projects\channelwithliquidobjecttechprochandler\cwlotph.visuality.logon\bin\debug\cwlotph.processingcore.ilk
c:\users\даниил\documents\visual studio 2013\projects\channelwithliquidobjecttechprochandler\cwlotph.visuality.logon\bin\debug\cwlotph.processingcore.exe
c:\users\даниил\documents\visual studio 2013\projects\channelwithliquidobjecttechprochandler\cwlotph.visuality.logon\bin\debug\jsontest.pdb
c:\users\даниил\documents\visual studio 2013\projects\channelwithliquidobjecttechprochandler\jsoncpp-src-0.6.0-rc2\makefiles\vs71\cwlotph..25af2dd2.tlog\bscmake.command.1.tlog
c:\users\даниил\documents\visual studio 2013\projects\channelwithliquidobjecttechprochandler\jsoncpp-src-0.6.0-rc2\makefiles\vs71\cwlotph..25af2dd2.tlog\bscmake.read.1.tlog
c:\users\даниил\documents\visual studio 2013\projects\channelwithliquidobjecttechprochandler\jsoncpp-src-0.6.0-rc2\makefiles\vs71\cwlotph..25af2dd2.tlog\bscmake.write.1.tlog
c:\users\даниил\documents\visual studio 2013\projects\channelwithliquidobjecttechprochandler\jsoncpp-src-0.6.0-rc2\makefiles\vs71\cwlotph..25af2dd2.tlog\cl.command.1.tlog
c:\users\даниил\documents\visual studio 2013\projects\channelwithliquidobjecttechprochandler\jsoncpp-src-0.6.0-rc2\makefiles\vs71\cwlotph..25af2dd2.tlog\cl.read.1.tlog
c:\users\даниил\documents\visual studio 2013\projects\channelwithliquidobjecttechprochandler\jsoncpp-src-0.6.0-rc2\makefiles\vs71\cwlotph..25af2dd2.tlog\cl.write.1.tlog
c:\users\даниил\documents\visual studio 2013\projects\channelwithliquidobjecttechprochandler\jsoncpp-src-0.6.0-rc2\makefiles\vs71\cwlotph..25af2dd2.tlog\link.command.1.tlog
c:\users\даниил\documents\visual studio 2013\projects\channelwithliquidobjecttechprochandler\jsoncpp-src-0.6.0-rc2\makefiles\vs71\cwlotph..25af2dd2.tlog\link.read.1.tlog
c:\users\даниил\documents\visual studio 2013\projects\channelwithliquidobjecttechprochandler\jsoncpp-src-0.6.0-rc2\makefiles\vs71\cwlotph..25af2dd2.tlog\link.write.1.tlog
c:\users\даниил\documents\visual studio 2013\projects\channelwithliquidobjecttechprochandler\jsoncpp-src-0.6.0-rc2\makefiles\vs71\..\..\..\cwlotph.visuality.logon\bin\debug\cwlotph.processingcore.exe
